e:\work_space\hex_work_code\valvesimulator\release\qrc_resources.obj
e:\work_space\hex_work_code\valvesimulator\release\main.obj
e:\work_space\hex_work_code\valvesimulator\release\custom_titlebar.obj
e:\work_space\hex_work_code\valvesimulator\release\valve_params_dialog.obj
e:\work_space\hex_work_code\valvesimulator\release\main_window.obj
e:\work_space\hex_work_code\valvesimulator\release\valve_simulator.obj
e:\work_space\hex_work_code\valvesimulator\release\test_panel.obj
e:\work_space\hex_work_code\valvesimulator\release\waveform_chart.obj
e:\work_space\hex_work_code\valvesimulator\release\valve_display.obj
e:\work_space\hex_work_code\valvesimulator\release\moc_main_window.obj
e:\work_space\hex_work_code\valvesimulator\release\moc_waveform_chart.obj
e:\work_space\hex_work_code\valvesimulator\release\moc_test_panel.obj
e:\work_space\hex_work_code\valvesimulator\release\moc_custom_titlebar.obj
e:\work_space\hex_work_code\valvesimulator\release\moc_valve_params_dialog.obj
e:\work_space\hex_work_code\valvesimulator\release\moc_valve_simulator.obj
e:\work_space\hex_work_code\valvesimulator\release\moc_valve_display.obj
e:\work_space\hex_work_code\valvesimulator\release\moc_custom_titlebar.cpp
e:\work_space\hex_work_code\valvesimulator\release\moc_main_window.cpp
e:\work_space\hex_work_code\valvesimulator\release\moc_test_panel.cpp
e:\work_space\hex_work_code\valvesimulator\release\moc_valve_display.cpp
e:\work_space\hex_work_code\valvesimulator\release\moc_valve_params_dialog.cpp
e:\work_space\hex_work_code\valvesimulator\release\moc_valve_simulator.cpp
e:\work_space\hex_work_code\valvesimulator\release\moc_waveform_chart.cpp
e:\work_space\hex_work_code\valvesimulator\release\qrc_resources.cpp
e:\work_space\hex_work_code\valvesimulator\release\valvesimulator.tlog\cl.command.1.tlog
e:\work_space\hex_work_code\valvesimulator\release\valvesimulator.tlog\cl.read.1.tlog
e:\work_space\hex_work_code\valvesimulator\release\valvesimulator.tlog\cl.write.1.tlog
e:\work_space\hex_work_code\valvesimulator\release\valvesimulator.tlog\moc.read.1u.tlog
e:\work_space\hex_work_code\valvesimulator\release\valvesimulator.tlog\moc.write.1u.tlog
e:\work_space\hex_work_code\valvesimulator\release\valvesimulator.tlog\rc.command.1.tlog
e:\work_space\hex_work_code\valvesimulator\release\valvesimulator.tlog\rc.write.1.tlog
e:\work_space\hex_work_code\valvesimulator\release\valvesimulator.tlog\rcc.read.1u.tlog
e:\work_space\hex_work_code\valvesimulator\release\valvesimulator.tlog\rcc.write.1u.tlog
e:\work_space\hex_work_code\valvesimulator\release\valvesimulator.tlog\valvesimulator.write.1u.tlog
